2023-01-13 16:28:03,165 [INFO] Activator:177 - 


2023-01-13 16:28:03,166 [INFO] Activator:178 - !SESSION log4j initialized
2023-01-13 16:28:04,267 [ERROR] LogOutputStream:74 - [STDERR_REDIRECT] 
2023-01-13 16:28:13,163 [INFO] McuFinderGlobals:44 - Set McuFinder mode to 2 (CubeIDE integrated)
2023-01-13 16:28:13,318 [INFO] ApplicationProperties:181 - Using Application install path: /Applications/STM32CubeIDE.app/Contents/Eclipse/plugins/com.st.stm32cube.common.mx_6.6.1.202207061420
2023-01-13 16:28:13,339 [INFO] DbMcusXml:77 - Set database path to: /Applications/STM32CubeIDE.app/Contents/Eclipse/plugins/com.st.stm32cube.common.mx_6.6.1.202207061420//db//mcu/
2023-01-13 16:28:13,340 [INFO] ApiDb:269 - Set plugin database path to: /Applications/STM32CubeIDE.app/Contents/Eclipse/plugins/com.st.stm32cube.common.mx_6.6.1.202207061420//db//plugins/boardmanager/
2023-01-13 16:28:13,344 [WARN] ApiDb:254 - Overriding images path with different value:  => /Applications/STM32CubeIDE.app/Contents/Eclipse/plugins/com.st.stm32cube.common.mx_6.6.1.202207061420//db//plugins/mcufinder/images/
2023-01-13 16:28:13,367 [INFO] ApiDb:249 - Set database path to: /Users/apple-vik/.stmcufinder/plugins/mcufinder//mcu/
2023-01-13 16:28:13,369 [INFO] DbMcusAds:124 - Set database path to: /Users/apple-vik/.stmcufinder/plugins/mcufinder//mcu/
2023-01-13 16:28:13,373 [INFO] CrossReferenceDbSqlite:201 - Set database path to: /Users/apple-vik/.stmcufinder/plugins/mcufinder//mcu/cs/
2023-01-13 16:28:13,502 [INFO] RulesReader:61 - Compatibility file has been processed (282 Rules)
2023-01-13 16:28:13,591 [INFO] DbMcusXml:77 - Set database path to: /Applications/STM32CubeIDE.app/Contents/Eclipse/plugins/com.st.stm32cube.common.mx_6.6.1.202207061420//db//mcu/
2023-01-13 16:28:13,591 [INFO] ApiDb:269 - Set plugin database path to: /Applications/STM32CubeIDE.app/Contents/Eclipse/plugins/com.st.stm32cube.common.mx_6.6.1.202207061420//db//plugins/boardmanager/
2023-01-13 16:28:13,592 [INFO] ApiDb:256 - Set plugin images path to: /Applications/STM32CubeIDE.app/Contents/Eclipse/plugins/com.st.stm32cube.common.mx_6.6.1.202207061420//db//plugins/mcufinder/images/
2023-01-13 16:28:13,592 [WARN] DbFile:40 - Overriding database path with different value: /Users/apple-vik/.stmcufinder/plugins/mcufinder/ => /Users/apple-vik/.stmcufinder/plugins/mcufinder
2023-01-13 16:28:13,592 [INFO] ApiDb:249 - Set database path to: /Users/apple-vik/.stmcufinder/plugins/mcufinder//mcu/
2023-01-13 16:28:13,592 [WARN] DbFile:40 - Overriding database path with different value: /Users/apple-vik/.stmcufinder/plugins/mcufinder/ => /Users/apple-vik/.stmcufinder/plugins/mcufinder
2023-01-13 16:28:13,592 [INFO] DbMcusAds:124 - Set database path to: /Users/apple-vik/.stmcufinder/plugins/mcufinder//mcu/
2023-01-13 16:28:13,593 [WARN] DbFile:40 - Overriding database path with different value: /Users/apple-vik/.stmcufinder/plugins/mcufinder/ => /Users/apple-vik/.stmcufinder/plugins/mcufinder
2023-01-13 16:28:13,594 [WARN] DbFile:40 - Overriding database path with different value: /Users/apple-vik/.stmcufinder/plugins/mcufinder/ => /Users/apple-vik/.stmcufinder/plugins/mcufinder
2023-01-13 16:28:13,594 [INFO] CrossReferenceDbSqlite:201 - Set database path to: /Users/apple-vik/.stmcufinder/plugins/mcufinder//mcu/cs/
2023-01-13 16:28:13,688 [INFO] MainPanel:242 - HeapMemory: 268435456
2023-01-13 16:28:13,823 [INFO] DbMcusXml:77 - Set database path to: /Applications/STM32CubeIDE.app/Contents/Eclipse/plugins/com.st.stm32cube.common.mx_6.6.1.202207061420//db//mcu/
2023-01-13 16:28:13,823 [INFO] ApiDb:269 - Set plugin database path to: /Applications/STM32CubeIDE.app/Contents/Eclipse/plugins/com.st.stm32cube.common.mx_6.6.1.202207061420//db//plugins/boardmanager/
2023-01-13 16:28:13,824 [INFO] ApiDb:256 - Set plugin images path to: /Applications/STM32CubeIDE.app/Contents/Eclipse/plugins/com.st.stm32cube.common.mx_6.6.1.202207061420//db//plugins/mcufinder/images/
2023-01-13 16:28:13,824 [WARN] DbFile:40 - Overriding database path with different value: /Users/apple-vik/.stmcufinder/plugins/mcufinder/ => /Users/apple-vik/.stmcufinder/plugins/mcufinder
2023-01-13 16:28:13,825 [INFO] ApiDb:249 - Set database path to: /Users/apple-vik/.stmcufinder/plugins/mcufinder//mcu/
2023-01-13 16:28:13,825 [WARN] DbFile:40 - Overriding database path with different value: /Users/apple-vik/.stmcufinder/plugins/mcufinder/ => /Users/apple-vik/.stmcufinder/plugins/mcufinder
2023-01-13 16:28:13,825 [INFO] DbMcusAds:124 - Set database path to: /Users/apple-vik/.stmcufinder/plugins/mcufinder//mcu/
2023-01-13 16:28:13,825 [WARN] DbFile:40 - Overriding database path with different value: /Users/apple-vik/.stmcufinder/plugins/mcufinder/ => /Users/apple-vik/.stmcufinder/plugins/mcufinder
2023-01-13 16:28:13,825 [WARN] DbFile:40 - Overriding database path with different value: /Users/apple-vik/.stmcufinder/plugins/mcufinder/ => /Users/apple-vik/.stmcufinder/plugins/mcufinder
2023-01-13 16:28:13,825 [INFO] CrossReferenceDbSqlite:201 - Set database path to: /Users/apple-vik/.stmcufinder/plugins/mcufinder//mcu/cs/
2023-01-13 16:28:13,850 [INFO] ApplicationProperties:181 - Using Application install path: /Applications/STM32CubeIDE.app/Contents/Eclipse/plugins/com.st.stm32cube.common.mx_6.6.1.202207061420
2023-01-13 16:28:13,852 [INFO] PluginManage:193 - Search for loadable plugins [exclusion list=, ]
2023-01-13 16:28:13,855 [INFO] PluginManage:307 - Check plugin analytics
2023-01-13 16:28:14,047 [INFO] AnalyticsPlugin:262 - Accepted Software Licenses: 
2023-01-13 16:28:14,049 [INFO] AnalyticsPlugin:264 - Accepted CMSIS Pack Licenses: 
2023-01-13 16:28:14,049 [INFO] AnalyticsPlugin:266 - Accepted Firmware Licenses: 
2023-01-13 16:28:14,057 [INFO] PluginManage:356 - Loaded plugin analytics (category:tool,tabindex:-1)
2023-01-13 16:28:14,057 [INFO] PluginManage:307 - Check plugin cadmodel
2023-01-13 16:28:14,062 [INFO] CADModel:65 - Init CAD model plugin
2023-01-13 16:28:14,063 [INFO] PluginManage:356 - Loaded plugin cadmodel (category:power,tabindex:5)
2023-01-13 16:28:14,063 [INFO] PluginManage:307 - Check plugin clock
2023-01-13 16:28:14,077 [INFO] PluginManage:356 - Loaded plugin clock (category:base,tabindex:2)
2023-01-13 16:28:14,077 [INFO] PluginManage:307 - Check plugin ddr
2023-01-13 16:28:14,080 [INFO] PluginManage:356 - Loaded plugin ddr (category:tool,tabindex:6)
2023-01-13 16:28:14,080 [INFO] PluginManage:307 - Check plugin filemanager
2023-01-13 16:28:14,255 [INFO] PluginManage:356 - Loaded plugin filemanager (category:base,tabindex:10)
2023-01-13 16:28:14,255 [INFO] PluginManage:307 - Check plugin ipmanager
2023-01-13 16:28:14,264 [INFO] PluginManage:356 - Loaded plugin ipmanager (category:base,tabindex:5)
2023-01-13 16:28:14,264 [INFO] PluginManage:307 - Check plugin lpbam
2023-01-13 16:28:14,276 [INFO] PluginManage:356 - Loaded plugin lpbam (category:base,tabindex:0)
2023-01-13 16:28:14,276 [INFO] PluginManage:307 - Check plugin pinoutandconfiguration
2023-01-13 16:28:14,286 [INFO] PluginManage:356 - Loaded plugin pinoutandconfiguration (category:base,tabindex:1)
2023-01-13 16:28:14,286 [INFO] PluginManage:307 - Check plugin pinoutconfig
2023-01-13 16:28:14,321 [INFO] PluginManage:356 - Loaded plugin pinoutconfig (category:base,tabindex:0)
2023-01-13 16:28:14,321 [INFO] PluginManage:307 - Check plugin power
2023-01-13 16:28:14,335 [INFO] PluginManage:356 - Loaded plugin power (category:power,tabindex:4)
2023-01-13 16:28:14,336 [INFO] PluginManage:307 - Check plugin projectmanager
2023-01-13 16:28:14,353 [INFO] PluginManage:356 - Loaded plugin projectmanager (category:projectmanager,tabindex:3)
2023-01-13 16:28:14,353 [INFO] PluginManage:307 - Check plugin thirdparty
2023-01-13 16:28:14,526 [WARN] IntegrityCheckThread:82 - waiting for thirdparty lock release [integrity check]
2023-01-13 16:28:14,527 [INFO] IntegrityCheckThread:84 - entering critical section [integrity check]
2023-01-13 16:28:14,527 [INFO] PluginManage:356 - Loaded plugin thirdparty (category:base,tabindex:-1)
2023-01-13 16:28:14,527 [INFO] PluginManage:307 - Check plugin tools
2023-01-13 16:28:14,529 [INFO] ThirdPartyUpdaterWithRetryManager:70 - Updater plugin not ready yet. [1/15]
2023-01-13 16:28:14,530 [INFO] PluginManage:356 - Loaded plugin tools (category:base,tabindex:7)
2023-01-13 16:28:14,530 [INFO] PluginManage:307 - Check plugin tutovideos
2023-01-13 16:28:14,838 [INFO] PluginManage:356 - Loaded plugin tutovideos (category:base,tabindex:-1)
2023-01-13 16:28:14,838 [INFO] PluginManage:307 - Check plugin updater
2023-01-13 16:28:14,855 [INFO] PluginManage:356 - Loaded plugin updater (category:base,tabindex:12)
2023-01-13 16:28:14,856 [INFO] PluginManage:280 - PluginManage : Loaded plugins [15]
2023-01-13 16:28:15,554 [INFO] PinOutPanel:1468 - setPackage(No Configuration,No Configuration)
2023-01-13 16:28:15,622 [INFO] CADModel:98 - CPN selected for project level
2023-01-13 16:28:15,639 [INFO] IPUIPlugin:79 - create IPUIPlugin
2023-01-13 16:28:15,640 [INFO] PluginManager:217 - loadIPPluginJar : add mdma
2023-01-13 16:28:15,650 [INFO] IPUIPlugin:79 - create IPUIPlugin
2023-01-13 16:28:15,650 [INFO] PluginManager:217 - loadIPPluginJar : add freertos
2023-01-13 16:28:15,657 [INFO] IPUIPlugin:79 - create IPUIPlugin
2023-01-13 16:28:15,658 [INFO] PluginManager:217 - loadIPPluginJar : add gic
2023-01-13 16:28:15,670 [INFO] IPUIPlugin:79 - create IPUIPlugin
2023-01-13 16:28:15,670 [INFO] PluginManager:217 - loadIPPluginJar : add adc
2023-01-13 16:28:15,674 [INFO] IPUIPlugin:79 - create IPUIPlugin
2023-01-13 16:28:15,674 [INFO] PluginManager:217 - loadIPPluginJar : add gtzc
2023-01-13 16:28:15,676 [INFO] IPUIPlugin:79 - create IPUIPlugin
2023-01-13 16:28:15,676 [INFO] PluginManager:217 - loadIPPluginJar : add quadspi
2023-01-13 16:28:15,679 [INFO] IPUIPlugin:79 - create IPUIPlugin
2023-01-13 16:28:15,680 [INFO] PluginManager:217 - loadIPPluginJar : add aes
2023-01-13 16:28:15,683 [INFO] IPUIPlugin:79 - create IPUIPlugin
2023-01-13 16:28:15,684 [INFO] PluginManager:217 - loadIPPluginJar : add pdm2pcm
2023-01-13 16:28:15,686 [INFO] IPUIPlugin:79 - create IPUIPlugin
2023-01-13 16:28:15,687 [INFO] PluginManager:217 - loadIPPluginJar : add hash
2023-01-13 16:28:15,689 [INFO] IPUIPlugin:79 - create IPUIPlugin
2023-01-13 16:28:15,689 [INFO] PluginManager:217 - loadIPPluginJar : add tim
2023-01-13 16:28:15,691 [INFO] IPUIPlugin:79 - create IPUIPlugin
2023-01-13 16:28:15,692 [INFO] PluginManager:217 - loadIPPluginJar : add tsc
2023-01-13 16:28:15,693 [INFO] IPUIPlugin:79 - create IPUIPlugin
2023-01-13 16:28:15,694 [INFO] PluginManager:217 - loadIPPluginJar : add ts
2023-01-13 16:28:15,697 [INFO] IPUIPlugin:79 - create IPUIPlugin
2023-01-13 16:28:15,697 [INFO] PluginManager:217 - loadIPPluginJar : add can
2023-01-13 16:28:15,700 [INFO] IPUIPlugin:79 - create IPUIPlugin
2023-01-13 16:28:15,700 [INFO] PluginManager:217 - loadIPPluginJar : add dma3
2023-01-13 16:28:15,703 [INFO] IPUIPlugin:79 - create IPUIPlugin
2023-01-13 16:28:15,703 [INFO] PluginManager:217 - loadIPPluginJar : add dfsdm
2023-01-13 16:28:15,706 [INFO] IPUIPlugin:79 - create IPUIPlugin
2023-01-13 16:28:15,706 [INFO] PluginManager:217 - loadIPPluginJar : add spi
2023-01-13 16:28:15,709 [INFO] IPUIPlugin:79 - create IPUIPlugin
2023-01-13 16:28:15,709 [INFO] PluginManager:217 - loadIPPluginJar : add gfxmmu
2023-01-13 16:28:15,710 [INFO] IPUIPlugin:79 - create IPUIPlugin
2023-01-13 16:28:15,711 [INFO] PluginManager:217 - loadIPPluginJar : add genericplugin
2023-01-13 16:28:15,713 [INFO] IPUIPlugin:79 - create IPUIPlugin
2023-01-13 16:28:15,713 [INFO] PluginManager:217 - loadIPPluginJar : add cryp
2023-01-13 16:28:15,718 [INFO] IPUIPlugin:79 - create IPUIPlugin
2023-01-13 16:28:15,719 [INFO] PluginManager:217 - loadIPPluginJar : add gpio
2023-01-13 16:28:15,721 [INFO] IPUIPlugin:79 - create IPUIPlugin
2023-01-13 16:28:15,721 [INFO] PluginManager:217 - loadIPPluginJar : add comp
2023-01-13 16:28:15,724 [INFO] IPUIPlugin:79 - create IPUIPlugin
2023-01-13 16:28:15,725 [INFO] PluginManager:217 - loadIPPluginJar : add tracer_emb
2023-01-13 16:28:15,728 [INFO] IPUIPlugin:79 - create IPUIPlugin
2023-01-13 16:28:15,728 [INFO] PluginManager:217 - loadIPPluginJar : add openamp
2023-01-13 16:28:15,734 [INFO] IPUIPlugin:79 - create IPUIPlugin
2023-01-13 16:28:15,734 [INFO] PluginManager:217 - loadIPPluginJar : add stm32_wpan
2023-01-13 16:28:15,741 [INFO] IPUIPlugin:79 - create IPUIPlugin
2023-01-13 16:28:15,744 [INFO] PluginManager:217 - loadIPPluginJar : add plateformsettings
2023-01-13 16:28:15,749 [INFO] IPUIPlugin:79 - create IPUIPlugin
2023-01-13 16:28:15,749 [INFO] PluginManager:217 - loadIPPluginJar : add ipddr
2023-01-13 16:28:15,752 [INFO] IPUIPlugin:79 - create IPUIPlugin
2023-01-13 16:28:15,753 [INFO] PluginManager:217 - loadIPPluginJar : add usart
2023-01-13 16:28:15,754 [INFO] IPUIPlugin:79 - create IPUIPlugin
2023-01-13 16:28:15,755 [INFO] PluginManager:217 - loadIPPluginJar : add ltdc
2023-01-13 16:28:15,759 [INFO] IPUIPlugin:79 - create IPUIPlugin
2023-01-13 16:28:15,759 [INFO] PluginManager:217 - loadIPPluginJar : add nvic
2023-01-13 16:28:15,760 [INFO] IPUIPlugin:79 - create IPUIPlugin
2023-01-13 16:28:15,761 [INFO] PluginManager:217 - loadIPPluginJar : add fatfs
2023-01-13 16:28:15,769 [INFO] IPUIPlugin:79 - create IPUIPlugin
2023-01-13 16:28:15,769 [INFO] PluginManager:217 - loadIPPluginJar : add linkedlist
2023-01-13 16:28:15,776 [INFO] IPUIPlugin:79 - create IPUIPlugin
2023-01-13 16:28:15,776 [INFO] PluginManager:217 - loadIPPluginJar : add dma
2023-01-13 16:28:15,781 [INFO] IPUIPlugin:79 - create IPUIPlugin
2023-01-13 16:28:15,781 [INFO] PluginManager:217 - loadIPPluginJar : add fmc
2023-01-13 16:28:15,784 [INFO] IPUIPlugin:79 - create IPUIPlugin
2023-01-13 16:28:15,784 [INFO] PluginManager:217 - loadIPPluginJar : add i2s
2023-01-13 16:28:15,786 [INFO] IPUIPlugin:79 - create IPUIPlugin
2023-01-13 16:28:15,786 [INFO] PluginManager:217 - loadIPPluginJar : add ucpd
2023-01-13 16:28:15,789 [INFO] IPUIPlugin:79 - create IPUIPlugin
2023-01-13 16:28:15,789 [INFO] PluginManager:217 - loadIPPluginJar : add lorawan
2023-01-13 16:28:15,792 [INFO] IPUIPlugin:79 - create IPUIPlugin
2023-01-13 16:28:15,792 [INFO] PluginManager:217 - loadIPPluginJar : add opamp
2023-01-13 16:28:15,796 [INFO] IPUIPlugin:79 - create IPUIPlugin
2023-01-13 16:28:15,796 [INFO] PluginManager:217 - loadIPPluginJar : add touchsensing
2023-01-13 16:28:15,799 [INFO] IPUIPlugin:79 - create IPUIPlugin
2023-01-13 16:28:15,799 [INFO] PluginManager:217 - loadIPPluginJar : add i2c
2023-01-13 16:28:15,803 [INFO] IPUIPlugin:79 - create IPUIPlugin
2023-01-13 16:28:15,803 [INFO] PluginManager:217 - loadIPPluginJar : add resmgrutility
2023-01-13 16:28:15,807 [INFO] IPUIPlugin:79 - create IPUIPlugin
2023-01-13 16:28:15,807 [INFO] PluginManager:217 - loadIPPluginJar : add sai
2023-01-13 16:28:15,811 [INFO] IPUIPlugin:79 - create IPUIPlugin
2023-01-13 16:28:15,811 [INFO] PluginManager:217 - loadIPPluginJar : add usbx
2023-01-13 16:28:16,109 [FATAL] Updater:301 - Updater called before beeing initialized
2023-01-13 16:28:16,215 [FATAL] Updater:301 - Updater called before beeing initialized
2023-01-13 16:28:16,224 [INFO] DbMcusAds:52 - JSON generation date=Thu Sep 30 08:55:09 CEST 2021 (1632984909377)
2023-01-13 16:28:16,225 [FATAL] Updater:301 - Updater called before beeing initialized
2023-01-13 16:28:16,415 [WARN] DetailPanel:344 - Failed to get advertising image, set to default
2023-01-13 16:28:16,640 [FATAL] Updater:301 - Updater called before beeing initialized
2023-01-13 16:28:16,642 [FATAL] Updater:301 - Updater called before beeing initialized
2023-01-13 16:28:16,643 [FATAL] Updater:301 - Updater called before beeing initialized
2023-01-13 16:28:16,643 [WARN] DetailPanel:344 - Failed to get advertising image, set to default
2023-01-13 16:28:16,644 [FATAL] Updater:301 - Updater called before beeing initialized
2023-01-13 16:28:16,682 [ERROR] Updater:1105 - MainUpdater not yet initialized. External WinMGr cannot be set.
2023-01-13 16:28:16,710 [INFO] Updater:1041 - Updater Version found : 6.6.1
2023-01-13 16:28:16,735 [INFO] ApplicationProperties:181 - Using Application install path: /Applications/STM32CubeIDE.app/Contents/Eclipse/plugins/com.st.stm32cube.common.mx_6.6.1.202207061420
2023-01-13 16:28:16,886 [INFO] MainUpdater:2768 - connection check result : 10
2023-01-13 16:28:16,887 [INFO] MainUpdater:280 - Updater Check For Update Now.
2023-01-13 16:28:16,888 [INFO] MicroXplorer:481 - Change Database Version : DB.6.0.60
2023-01-13 16:28:17,064 [INFO] CheckServerUpdateThread:119 - End of CheckServer Thread
2023-01-13 16:28:17,096 [INFO] MainUpdater:2768 - connection check result : 10
2023-01-13 16:28:17,099 [INFO] McuFinderGlobals:57 - Set McuFinderConnectedMode to true
2023-01-13 16:28:17,338 [ERROR] LogOutputStream:74 - [STDERR_REDIRECT] java.lang.IndexOutOfBoundsException: Index 4 out of bounds for length 4
2023-01-13 16:28:17,339 [ERROR] LogOutputStream:74 - [STDERR_REDIRECT] 	at java.base/jdk.internal.util.Preconditions.outOfBounds(Preconditions.java:64)
2023-01-13 16:28:17,339 [INFO] ServerAccessManage:474 - Download File mcusAds.json._tmp_
2023-01-13 16:28:17,340 [ERROR] LogOutputStream:74 - [STDERR_REDIRECT] 	at java.base/jdk.internal.util.Preconditions.outOfBoundsCheckIndex(Preconditions.java:70)
2023-01-13 16:28:17,340 [ERROR] LogOutputStream:74 - [STDERR_REDIRECT] 	at java.base/jdk.internal.util.Preconditions.checkIndex(Preconditions.java:248)
2023-01-13 16:28:17,341 [ERROR] LogOutputStream:74 - [STDERR_REDIRECT] 	at java.base/java.util.Objects.checkIndex(Objects.java:372)
2023-01-13 16:28:17,341 [ERROR] LogOutputStream:74 - [STDERR_REDIRECT] 	at java.base/java.util.ArrayList.get(ArrayList.java:459)
2023-01-13 16:28:17,342 [ERROR] LogOutputStream:74 - [STDERR_REDIRECT] 	at java.desktop/java.awt.Container.createHierarchyEvents(Container.java:1466)
2023-01-13 16:28:17,342 [ERROR] LogOutputStream:74 - [STDERR_REDIRECT] 	at java.desktop/java.awt.Container.createHierarchyEvents(Container.java:1466)
2023-01-13 16:28:17,343 [ERROR] LogOutputStream:74 - [STDERR_REDIRECT] 	at java.desktop/java.awt.Container.createHierarchyEvents(Container.java:1466)
2023-01-13 16:28:17,343 [ERROR] LogOutputStream:74 - [STDERR_REDIRECT] 	at java.desktop/java.awt.Container.createHierarchyEvents(Container.java:1466)
2023-01-13 16:28:17,343 [ERROR] LogOutputStream:74 - [STDERR_REDIRECT] 	at java.desktop/java.awt.Container.createHierarchyEvents(Container.java:1466)
2023-01-13 16:28:17,344 [ERROR] LogOutputStream:74 - [STDERR_REDIRECT] 	at java.desktop/java.awt.Container.createHierarchyEvents(Container.java:1466)
2023-01-13 16:28:17,344 [ERROR] LogOutputStream:74 - [STDERR_REDIRECT] 	at java.desktop/java.awt.Dialog.conditionalShow(Dialog.java:953)
2023-01-13 16:28:17,344 [ERROR] LogOutputStream:74 - [STDERR_REDIRECT] 	at java.desktop/java.awt.Dialog.show(Dialog.java:1045)
2023-01-13 16:28:17,345 [ERROR] LogOutputStream:74 - [STDERR_REDIRECT] 	at com.st.microxplorer.plugins.updater.gui.ProgressBarDialog.startProgressBar(ProgressBarDialog.java:153)
2023-01-13 16:28:17,345 [ERROR] LogOutputStream:74 - [STDERR_REDIRECT] 	at com.st.microxplorer.plugins.updater.engine.MainUpdater.loadUrlFiles(MainUpdater.java:2423)
2023-01-13 16:28:17,346 [ERROR] LogOutputStream:74 - [STDERR_REDIRECT] 	at com.st.microxplorer.plugins.updater.Updater.getSpecificTask(Updater.java:359)
2023-01-13 16:28:17,347 [ERROR] LogOutputStream:74 - [STDERR_REDIRECT] 	at com.st.microxplorer.mcufinder.gui.WebUtils.downloadDbFile(WebUtils.java:611)
2023-01-13 16:28:17,347 [ERROR] LogOutputStream:74 - [STDERR_REDIRECT] 	at com.st.microxplorer.mcufinder.gui.WebUtils.downloadDbFiles(WebUtils.java:754)
2023-01-13 16:28:17,347 [ERROR] LogOutputStream:74 - [STDERR_REDIRECT] 	at com.st.stm32cube.common.mx.targetselector.TargetSelectorAdapter$4.run(TargetSelectorAdapter.java:226)
2023-01-13 16:28:17,348 [ERROR] LogOutputStream:74 - [STDERR_REDIRECT] 	at com.st.stm32cube.common.mx.oss.core.awtswtbridge.AwtEnvironment$2.run(AwtEnvironment.java:166)
2023-01-13 16:28:17,348 [ERROR] LogOutputStream:74 - [STDERR_REDIRECT] 	at java.desktop/java.awt.event.InvocationEvent.dispatch(InvocationEvent.java:313)
2023-01-13 16:28:17,349 [ERROR] LogOutputStream:74 - [STDERR_REDIRECT] 	at java.desktop/java.awt.EventQueue.dispatchEventImpl(EventQueue.java:770)
2023-01-13 16:28:17,349 [ERROR] LogOutputStream:74 - [STDERR_REDIRECT] 	at java.desktop/java.awt.EventQueue$4.run(EventQueue.java:721)
2023-01-13 16:28:17,349 [ERROR] LogOutputStream:74 - [STDERR_REDIRECT] 	at java.desktop/java.awt.EventQueue$4.run(EventQueue.java:715)
2023-01-13 16:28:17,349 [ERROR] LogOutputStream:74 - [STDERR_REDIRECT] 	at java.base/java.security.AccessController.doPrivileged(Native Method)
2023-01-13 16:28:17,350 [ERROR] LogOutputStream:74 - [STDERR_REDIRECT] 	at java.base/java.security.ProtectionDomain$JavaSecurityAccessImpl.doIntersectionPrivilege(ProtectionDomain.java:85)
2023-01-13 16:28:17,350 [ERROR] LogOutputStream:74 - [STDERR_REDIRECT] 	at java.desktop/java.awt.EventQueue.dispatchEvent(EventQueue.java:740)
2023-01-13 16:28:17,350 [ERROR] LogOutputStream:74 - [STDERR_REDIRECT] 	at java.desktop/java.awt.EventDispatchThread.pumpOneEventForFilters(EventDispatchThread.java:203)
2023-01-13 16:28:17,351 [ERROR] LogOutputStream:74 - [STDERR_REDIRECT] 	at java.desktop/java.awt.EventDispatchThread.pumpEventsForFilter(EventDispatchThread.java:124)
2023-01-13 16:28:17,351 [ERROR] LogOutputStream:74 - [STDERR_REDIRECT] 	at java.desktop/java.awt.EventDispatchThread.pumpEventsForHierarchy(EventDispatchThread.java:113)
2023-01-13 16:28:17,351 [ERROR] LogOutputStream:74 - [STDERR_REDIRECT] 	at java.desktop/java.awt.EventDispatchThread.pumpEvents(EventDispatchThread.java:109)
2023-01-13 16:28:17,351 [ERROR] LogOutputStream:74 - [STDERR_REDIRECT] 	at java.desktop/java.awt.EventDispatchThread.pumpEvents(EventDispatchThread.java:101)
2023-01-13 16:28:17,352 [ERROR] LogOutputStream:74 - [STDERR_REDIRECT] 	at java.desktop/java.awt.EventDispatchThread.run(EventDispatchThread.java:90)
2023-01-13 16:28:17,482 [INFO] LoadUrlFilesThread:150 - End of LoadUrlFiles Thread
2023-01-13 16:28:17,710 [WARN] PackLoader:242 - Cannot read IP mode file for STMicroelectronics.X-CUBE-GNSS1.6.0.0
2023-01-13 16:28:17,753 [WARN] PackLoader:242 - Cannot read IP mode file for STMicroelectronics.X-CUBE-AZRTOS-F4.1.1.0
2023-01-13 16:28:17,768 [WARN] PackLoader:242 - Cannot read IP mode file for STMicroelectronics.X-CUBE-BLEMGR.1.2.0
2023-01-13 16:28:17,793 [WARN] PackLoader:242 - Cannot read IP mode file for STMicroelectronics.X-CUBE-AZRTOS-F7.1.1.0
2023-01-13 16:28:17,810 [WARN] PackLoader:242 - Cannot read IP mode file for STMicroelectronics.X-CUBE-BLE1.6.2.3
2023-01-13 16:28:17,815 [WARN] PackLoader:242 - Cannot read IP mode file for STMicroelectronics.X-CUBE-BLE1.6.2.4
2023-01-13 16:28:17,821 [WARN] PackLoader:242 - Cannot read IP mode file for STMicroelectronics.X-CUBE-NFC4.2.0.5
2023-01-13 16:28:17,829 [WARN] PackLoader:242 - Cannot read IP mode file for STMicroelectronics.X-CUBE-NFC4.2.0.4
2023-01-13 16:28:17,844 [WARN] PackLoader:242 - Cannot read IP mode file for STMicroelectronics.X-CUBE-TOF1.3.1.0
2023-01-13 16:28:17,857 [WARN] PackLoader:242 - Cannot read IP mode file for wolfSSL.I-CUBE-wolfSSL.5.5.0
2023-01-13 16:28:17,863 [WARN] PackLoader:242 - Cannot read IP mode file for STMicroelectronics.X-CUBE-NFC7.1.0.0
2023-01-13 16:28:17,935 [WARN] PackLoader:242 - Cannot read IP mode file for STMicroelectronics.X-CUBE-MEMS1.9.3.0
2023-01-13 16:28:18,108 [WARN] PackLoader:242 - Cannot read IP mode file for STMicroelectronics.X-CUBE-EEPRMA1.4.1.0
2023-01-13 16:28:18,113 [WARN] PackLoader:242 - Cannot read IP mode file for STMicroelectronics.X-CUBE-AI.7.2.0
2023-01-13 16:28:18,119 [WARN] PackLoader:242 - Cannot read IP mode file for STMicroelectronics.X-CUBE-SFXS2LP1.4.0.0
2023-01-13 16:28:18,124 [WARN] PackLoader:242 - Cannot read IP mode file for STMicroelectronics.X-CUBE-BLE2.3.3.0
2023-01-13 16:28:18,135 [WARN] PackLoader:242 - Cannot read IP mode file for STMicroelectronics.X-CUBE-DISPLAY.2.2.0
2023-01-13 16:28:18,161 [WARN] PackLoader:242 - Cannot read IP mode file for STMicroelectronics.X-CUBE-TOF1.3.2.0
2023-01-13 16:28:18,218 [WARN] PackLoader:242 - Cannot read IP mode file for STMicroelectronics.X-CUBE-AZRTOS-H7.3.0.0
2023-01-13 16:28:18,229 [WARN] PackLoader:242 - Cannot read IP mode file for STMicroelectronics.X-CUBE-ISPU.1.0.0
2023-01-13 16:28:18,234 [WARN] PackLoader:242 - Cannot read IP mode file for STMicroelectronics.X-CUBE-ISPU.1.1.0
2023-01-13 16:28:18,245 [WARN] PackLoader:242 - Cannot read IP mode file for RoweBots.I-CUBE-UNISONRTOS.5.5.0-4
2023-01-13 16:28:18,268 [WARN] PackLoader:242 - Cannot read IP mode file for STMicroelectronics.X-CUBE-AZRTOS-H7.2.1.0
2023-01-13 16:28:18,276 [WARN] PackLoader:242 - Cannot read IP mode file for STMicroelectronics.X-CUBE-TOUCHGFX.4.21.0
2023-01-13 16:28:18,283 [WARN] PackLoader:242 - Cannot read IP mode file for STMicroelectronics.X-CUBE-BLEMGR.1.0.0
2023-01-13 16:28:18,329 [WARN] PackLoader:242 - Cannot read IP mode file for STMicroelectronics.X-CUBE-MEMS1.9.4.0
2023-01-13 16:28:18,502 [WARN] PackLoader:242 - Cannot read IP mode file for STMicroelectronics.X-CUBE-AI.7.3.0
2023-01-13 16:28:18,508 [WARN] PackLoader:242 - Cannot read IP mode file for STMicroelectronics.X-CUBE-ALGOBUILD.1.3.0
2023-01-13 16:28:18,526 [WARN] PackLoader:242 - Cannot read IP mode file for STMicroelectronics.X-CUBE-AZRTOS-L5.1.1.0
2023-01-13 16:28:18,547 [WARN] PackLoader:242 - Cannot read IP mode file for STMicroelectronics.X-CUBE-AZRTOS-G0.1.1.0
2023-01-13 16:28:18,560 [WARN] PackLoader:242 - Cannot read IP mode file for STMicroelectronics.X-CUBE-SUBG2.5.0.0
2023-01-13 16:28:18,607 [WARN] PackLoader:242 - Cannot read IP mode file for SEGGER.I-CUBE-embOS.1.2.0
2023-01-13 16:28:18,644 [WARN] PackLoader:242 - Cannot read IP mode file for STMicroelectronics.FP-ATR-ASTRA1.1.1.1
2023-01-13 16:28:18,651 [WARN] PackLoader:242 - Cannot read IP mode file for STMicroelectronics.X-CUBE-BLEMGR.1.3.0
2023-01-13 16:28:18,667 [WARN] PackLoader:242 - Cannot read IP mode file for STMicroelectronics.X-CUBE-AZRTOS-G4.1.0.0
2023-01-13 16:28:18,672 [WARN] PackLoader:242 - Cannot read IP mode file for STMicroelectronics.FP-ATR-SIGFOX1.3.2.0
2023-01-13 16:28:18,691 [WARN] PackLoader:242 - Cannot read IP mode file for STMicroelectronics.X-CUBE-AZRTOS-L4.1.0.0
2023-01-13 16:28:18,699 [WARN] PackLoader:242 - Cannot read IP mode file for emotas.I-CUBE-CANOPEN.1.1.2
2023-01-13 16:28:18,701 [WARN] PackLoader:242 - Cannot read IP mode file for STMicroelectronics.X-CUBE-TOUCHGFX.4.20.0
2023-01-13 16:28:18,720 [WARN] PackLoader:242 - Cannot read IP mode file for STMicroelectronics.X-CUBE-AZRTOS-WL.1.0.0
2023-01-13 16:28:18,726 [WARN] PackLoader:242 - Cannot read IP mode file for portGmbH.I-Cube-SoM-uGOAL.1.1.0
2023-01-13 16:28:18,730 [WARN] PackLoader:242 - Cannot read IP mode file for STMicroelectronics.X-CUBE-ALS.1.0.1
2023-01-13 16:28:18,745 [WARN] PackLoader:242 - Cannot read IP mode file for STMicroelectronics.X-CUBE-AZRTOS-WB.1.1.0
2023-01-13 16:28:18,750 [INFO] DbMcusAds:52 - JSON generation date=Thu Sep 30 08:55:09 CEST 2021 (1632984909377)
2023-01-13 16:28:18,771 [WARN] PackLoader:242 - Cannot read IP mode file for STMicroelectronics.X-CUBE-AZRTOS-L5.1.0.0
2023-01-13 16:28:18,775 [ERROR] TargetSelectorAdapter:236 - Unable to refresh data
2023-01-13 16:28:18,779 [WARN] PackLoader:242 - Cannot read IP mode file for STMicroelectronics.X-CUBE-EEPRMA1.3.1.1
2023-01-13 16:28:18,781 [INFO] ThirdParty:929 - Integrity check success = true
2023-01-13 16:28:18,781 [INFO] IntegrityCheckThread:98 - exiting critical section [integrity check]
2023-01-13 16:28:18,781 [INFO] IntegrityCheckThread:101 - End integrity checks thread
2023-01-13 16:28:19,021 [INFO] McuFinderGlobals:57 - Set McuFinderConnectedMode to false
2023-01-13 16:28:19,029 [INFO] MultiScanPanel:195 - Auto-refresh data requested => check proxy status ongoing
2023-01-13 16:28:19,029 [INFO] MultiScanPanel:199 - Proxy status is invalid
2023-01-13 16:28:19,033 [INFO] FinderPluginLoader:92 - Searching for filters in installed packs
2023-01-13 16:28:19,270 [INFO] ApiDb:576 - Connected to CubeFinder SQLite database (/Users/apple-vik/.stmcufinder/plugins/mcufinder/mcu/cube-finder-db.db)
2023-01-13 16:28:19,335 [INFO] ApiDb:663 - CubeFinder database Data Model version=2.1
2023-01-13 16:28:19,335 [INFO] ApiDb:664 - CubeFinder database Configuration version=3.0.35
2023-01-13 16:28:19,335 [INFO] ApiDb:665 - CubeFinder database generation date=2022-11-18 (1668769384)
2023-01-13 16:28:19,336 [INFO] ApiDb:666 - CubeFinder database FW Pack versions=[FP-ATR-ASTRA1_V1.1.1, STM32Cube_FW_C0_V1.0.0, STM32Cube_FW_F4_V1.27.1, STM32Cube_FW_F7_V1.17.0, STM32Cube_FW_G0_V1.6.1, STM32Cube_FW_G4_V1.5.0, STM32Cube_FW_H5_V0.5.1, STM32Cube_FW_H7_V1.11.0, STM32Cube_FW_L5_V1.5.0, STM32Cube_FW_U5_V1.1.1, STM32Cube_FW_WBA_V0.2.0, STM32Cube_FW_WB_V1.15.0, STM32Cube_FW_WB_V1.15.0RC1, STM32Cube_FW_WL_V1.3.0, X-CUBE-ALGOBUILD_V1.3.0, X-CUBE-ALS_V1.0.1, X-CUBE-AZRTOS-F4_V1.1.0, X-CUBE-AZRTOS-F7_V1.1.0, X-CUBE-AZRTOS-G0_V1.1.0, X-CUBE-AZRTOS-G4_V1.0.0, X-CUBE-AZRTOS-H7_V2.1.0, X-CUBE-AZRTOS-L4_V1.0.0, X-CUBE-AZRTOS-L5_V1.0.0, X-CUBE-AZRTOS-WL_V1.0.0, X-CUBE-BLE1_V6.2.4, X-CUBE-BLE2_V3.3.0, X-CUBE-BLEMGR_V1.2.0, X-CUBE-EEPRMA1_V3.1.1, X-CUBE-GNSS1_V6.0.0, X-CUBE-MEMS1_V9.1.0, X-CUBE-MEMS1_V9.3.0, X-CUBE-NFC4_V2.0.4, X-CUBE-NFC7_V1.0.0, X-CUBE-SFXS2LP1_V4.0.0, X-CUBE-SUBG2_V5.0.0]
2023-01-13 16:28:21,980 [INFO] ApiDb:239 - Found 138 in-development CPN: [B-WB1M-WPAN1, NUCLEO-C031C6, STEVAL-STWINBX1, STM320518-EVAL, STM32C0116-DK, STM32C011D6Y3TR, STM32C011D6Y6TR, STM32C011F4P3, STM32C011F4P6, STM32C011F4U3, STM32C011F4U6TR, STM32C011F6P3, STM32C011F6P6, STM32C011F6U3, STM32C011F6U6TR, STM32C011J4M3, STM32C011J4M6, STM32C011J6M3, STM32C011J6M6, STM32C0316-DK, STM32C031C4T3, STM32C031C4T6, STM32C031C4U3, STM32C031C4U6, STM32C031C6T3, STM32C031C6T6, STM32C031C6U3, STM32C031C6U6, STM32C031F4P3, STM32C031F4P6, STM32C031F6P3, STM32C031F6P6, STM32C031G4U3, STM32C031G4U6, STM32C031G6U3, STM32C031G6U6, STM32C031K4T3, STM32C031K4T6, STM32C031K4U3, STM32C031K4U6, STM32C031K6T3, STM32C031K6T6, STM32C031K6U3, STM32C031K6U6, STM32G071K8TXN, STM32G071K8UXN, STM32G081GBU6N, STM32G081KBT6N, STM32G081KBUXN, STM32G0B1CCT6N, STM32G0B1KCT6, STM32G0B1NEY6TR, STM32G0B1RCT6N, STM32G0C1CCT6, STM32G0C1CCT6N, STM32G0C1CCU6N, STM32G0C1CET6N, STM32G0C1CEU6N, STM32G0C1KCT6, STM32G0C1NEY6TR, STM32G0C1RCI6N, STM32G0C1RCT6N, STM32G0C1REI6N, STM32G0C1RET6N, STM32G0C1VCI6, STM32G0C1VEI6, STM32G471CCT6, STM32G471CCU6, STM32G471CET3, STM32G471CET6, STM32G471CEU3, STM32G471CEU6, STM32G471MCT6, STM32G471MET3, STM32G471MET6, STM32G471MEY6TR, STM32G471QCT6, STM32G471QET3, STM32G471RCT6, STM32G471RET3, STM32G471RET6, STM32G471VCH6, STM32G471VCI6, STM32G471VCT6, STM32G471VEH3, STM32G471VEH6, STM32G471VEI3, STM32G471VEI6, STM32G471VET3, STM32G471VET6, STM32G474CCT6, STM32L476VGY6PTR, STM32L4R5QGI6STR, STM32MP131AAE3, STM32MP131AAF3, STM32MP131AAG3, STM32MP131CAE3, STM32MP131CAF3, STM32MP131CAG3, STM32MP131DAE7, STM32MP131DAF7, STM32MP131DAG7, STM32MP131FAE7, STM32MP131FAF7, STM32MP131FAG7, STM32MP133AAE3, STM32MP133AAF3, STM32MP133AAG3, STM32MP133CAE3, STM32MP133CAF3, STM32MP133CAG3, STM32MP133DAE7, STM32MP133DAF7, STM32MP133DAG7, STM32MP133FAE7, STM32MP133FAF7, STM32MP133FAG7, STM32MP135AAE3, STM32MP135AAF3, STM32MP135AAG3, STM32MP135CAE3, STM32MP135CAF3, STM32MP135CAG3, STM32MP135DAE7, STM32MP135DAF7, STM32MP135DAG7, STM32MP135F-DK, STM32MP135FAE7, STM32MP135FAF7, STM32MP135FAG7, STM32U595ZJT6Q, STM32U599BJY6QTR, STM32U599NIH6Q, STM32U599NJH6Q, STM32U5A5ZJT6Q, STM32U5A9BJY6QTR, STM32U5A9NJH6Q, STM32WB1MMCH6]
2023-01-13 16:28:21,987 [INFO] DbMcus:215 - Found 3580 MCUs, 3580 are supported
2023-01-13 16:28:21,991 [INFO] ApiDb:418 - Load user favorites file /Users/apple-vik/.stm32cubeide/favorites.mcus.txt: 0 item(s)
2023-01-13 16:28:21,992 [INFO] ApiDb:422 - User favorites MCUs=[]
2023-01-13 16:28:21,992 [INFO] DbMcus:221 - Set 0 / 0 favorites MCUs
2023-01-13 16:28:23,658 [INFO] DetailPanel:339 - Set advertising image to /Users/apple-vik/STM32Cube/Repository//en.Prom_NBSTM32U50921.jpg
2023-01-13 16:28:24,335 [INFO] ApiDb:663 - CubeFinder database Data Model version=2.1
2023-01-13 16:28:24,335 [INFO] ApiDb:664 - CubeFinder database Configuration version=3.0.35
2023-01-13 16:28:24,335 [INFO] ApiDb:665 - CubeFinder database generation date=2022-11-18 (1668769384)
2023-01-13 16:28:24,335 [INFO] ApiDb:666 - CubeFinder database FW Pack versions=[FP-ATR-ASTRA1_V1.1.1, STM32Cube_FW_C0_V1.0.0, STM32Cube_FW_F4_V1.27.1, STM32Cube_FW_F7_V1.17.0, STM32Cube_FW_G0_V1.6.1, STM32Cube_FW_G4_V1.5.0, STM32Cube_FW_H5_V0.5.1, STM32Cube_FW_H7_V1.11.0, STM32Cube_FW_L5_V1.5.0, STM32Cube_FW_U5_V1.1.1, STM32Cube_FW_WBA_V0.2.0, STM32Cube_FW_WB_V1.15.0, STM32Cube_FW_WB_V1.15.0RC1, STM32Cube_FW_WL_V1.3.0, X-CUBE-ALGOBUILD_V1.3.0, X-CUBE-ALS_V1.0.1, X-CUBE-AZRTOS-F4_V1.1.0, X-CUBE-AZRTOS-F7_V1.1.0, X-CUBE-AZRTOS-G0_V1.1.0, X-CUBE-AZRTOS-G4_V1.0.0, X-CUBE-AZRTOS-H7_V2.1.0, X-CUBE-AZRTOS-L4_V1.0.0, X-CUBE-AZRTOS-L5_V1.0.0, X-CUBE-AZRTOS-WL_V1.0.0, X-CUBE-BLE1_V6.2.4, X-CUBE-BLE2_V3.3.0, X-CUBE-BLEMGR_V1.2.0, X-CUBE-EEPRMA1_V3.1.1, X-CUBE-GNSS1_V6.0.0, X-CUBE-MEMS1_V9.1.0, X-CUBE-MEMS1_V9.3.0, X-CUBE-NFC4_V2.0.4, X-CUBE-NFC7_V1.0.0, X-CUBE-SFXS2LP1_V4.0.0, X-CUBE-SUBG2_V5.0.0]
2023-01-13 16:28:24,501 [INFO] DbBoardsSqlite:227 - include board P-NUCLEO-WB55-NUCLEO as a kit item of type 'Nucleo-64'
2023-01-13 16:28:24,501 [INFO] DbBoardsSqlite:227 - include board P-NUCLEO-WB55-USBDONGLE as a kit item of type 'Nucleo USB Dongle'
2023-01-13 16:28:24,502 [INFO] DbBoardsSqlite:227 - include board STEVAL-IDP005V1 as a kit item of type 'Evaluation Board'
2023-01-13 16:28:24,502 [INFO] DbBoardsSqlite:227 - include board STEVAL-IDP005V2 as a kit item of type 'Evaluation Board'
2023-01-13 16:28:24,567 [INFO] ApiDb:239 - Found 138 in-development CPN: [B-WB1M-WPAN1, NUCLEO-C031C6, STEVAL-STWINBX1, STM320518-EVAL, STM32C0116-DK, STM32C011D6Y3TR, STM32C011D6Y6TR, STM32C011F4P3, STM32C011F4P6, STM32C011F4U3, STM32C011F4U6TR, STM32C011F6P3, STM32C011F6P6, STM32C011F6U3, STM32C011F6U6TR, STM32C011J4M3, STM32C011J4M6, STM32C011J6M3, STM32C011J6M6, STM32C0316-DK, STM32C031C4T3, STM32C031C4T6, STM32C031C4U3, STM32C031C4U6, STM32C031C6T3, STM32C031C6T6, STM32C031C6U3, STM32C031C6U6, STM32C031F4P3, STM32C031F4P6, STM32C031F6P3, STM32C031F6P6, STM32C031G4U3, STM32C031G4U6, STM32C031G6U3, STM32C031G6U6, STM32C031K4T3, STM32C031K4T6, STM32C031K4U3, STM32C031K4U6, STM32C031K6T3, STM32C031K6T6, STM32C031K6U3, STM32C031K6U6, STM32G071K8TXN, STM32G071K8UXN, STM32G081GBU6N, STM32G081KBT6N, STM32G081KBUXN, STM32G0B1CCT6N, STM32G0B1KCT6, STM32G0B1NEY6TR, STM32G0B1RCT6N, STM32G0C1CCT6, STM32G0C1CCT6N, STM32G0C1CCU6N, STM32G0C1CET6N, STM32G0C1CEU6N, STM32G0C1KCT6, STM32G0C1NEY6TR, STM32G0C1RCI6N, STM32G0C1RCT6N, STM32G0C1REI6N, STM32G0C1RET6N, STM32G0C1VCI6, STM32G0C1VEI6, STM32G471CCT6, STM32G471CCU6, STM32G471CET3, STM32G471CET6, STM32G471CEU3, STM32G471CEU6, STM32G471MCT6, STM32G471MET3, STM32G471MET6, STM32G471MEY6TR, STM32G471QCT6, STM32G471QET3, STM32G471RCT6, STM32G471RET3, STM32G471RET6, STM32G471VCH6, STM32G471VCI6, STM32G471VCT6, STM32G471VEH3, STM32G471VEH6, STM32G471VEI3, STM32G471VEI6, STM32G471VET3, STM32G471VET6, STM32G474CCT6, STM32L476VGY6PTR, STM32L4R5QGI6STR, STM32MP131AAE3, STM32MP131AAF3, STM32MP131AAG3, STM32MP131CAE3, STM32MP131CAF3, STM32MP131CAG3, STM32MP131DAE7, STM32MP131DAF7, STM32MP131DAG7, STM32MP131FAE7, STM32MP131FAF7, STM32MP131FAG7, STM32MP133AAE3, STM32MP133AAF3, STM32MP133AAG3, STM32MP133CAE3, STM32MP133CAF3, STM32MP133CAG3, STM32MP133DAE7, STM32MP133DAF7, STM32MP133DAG7, STM32MP133FAE7, STM32MP133FAF7, STM32MP133FAG7, STM32MP135AAE3, STM32MP135AAF3, STM32MP135AAG3, STM32MP135CAE3, STM32MP135CAF3, STM32MP135CAG3, STM32MP135DAE7, STM32MP135DAF7, STM32MP135DAG7, STM32MP135F-DK, STM32MP135FAE7, STM32MP135FAF7, STM32MP135FAG7, STM32U595ZJT6Q, STM32U599BJY6QTR, STM32U599NIH6Q, STM32U599NJH6Q, STM32U5A5ZJT6Q, STM32U5A9BJY6QTR, STM32U5A9NJH6Q, STM32WB1MMCH6]
2023-01-13 16:28:24,825 [INFO] BoardInfo:879 - No configuration file found for board P-NUCLEO-WB55
2023-01-13 16:28:24,826 [INFO] DbBoards:156 - Kit is not supported: P-NUCLEO-WB55
2023-01-13 16:28:24,838 [INFO] BoardInfo:879 - No configuration file found for board STEVAL-BFA001V1B
2023-01-13 16:28:24,838 [INFO] DbBoards:156 - Kit is not supported: STEVAL-BFA001V1B
2023-01-13 16:28:24,842 [INFO] BoardInfo:879 - No configuration file found for board STEVAL-BFA001V2B
2023-01-13 16:28:24,842 [INFO] DbBoards:156 - Kit is not supported: STEVAL-BFA001V2B
2023-01-13 16:28:24,855 [INFO] BoardInfo:879 - No configuration file found for board STEVAL-PROTEUS1
2023-01-13 16:28:24,855 [INFO] DbBoards:156 - Board is not supported: STEVAL-PROTEUS1
2023-01-13 16:28:25,105 [INFO] DbBoards:160 - Found 178 boards, 174 are supported
2023-01-13 16:28:25,111 [INFO] ApiDb:418 - Load user favorites file /Users/apple-vik/.stm32cubeide/favorites.boards.txt: 0 item(s)
2023-01-13 16:28:25,112 [INFO] ApiDb:422 - User favorites Boards=[]
2023-01-13 16:28:25,112 [INFO] DbBoards:189 - Set 0 / 0 favorites Boards
2023-01-13 16:28:27,115 [ERROR] LogOutputStream:74 - [STDERR_REDIRECT] SLF4J: Failed to load class "org.slf4j.impl.StaticLoggerBinder".
2023-01-13 16:28:27,116 [ERROR] LogOutputStream:74 - [STDERR_REDIRECT] SLF4J: Defaulting to no-operation (NOP) logger implementation
2023-01-13 16:28:27,116 [ERROR] LogOutputStream:74 - [STDERR_REDIRECT] SLF4J: See http://www.slf4j.org/codes.html#StaticLoggerBinder for further details.
2023-01-13 16:31:33,363 [INFO] Activator:177 - 


2023-01-13 16:31:33,365 [INFO] Activator:178 - !SESSION log4j initialized
2023-01-13 16:31:34,930 [ERROR] LogOutputStream:74 - [STDERR_REDIRECT] 
